<?xml version="1.0" encoding="UTF-8"?>
<!-- Generated by org.testng.reporters.JUnitReportReporter -->
<testsuite skipped="0" hostname="DESKTOP-185AM3V" name="com.onesource.test.TC_Login_001" tests="1" failures="0" timestamp="20 Nov 2017 13:34:44 GMT" time="32.685" errors="0">
  <testcase name="test" time="32.685" classname="com.onesource.test.TC_Login_001"/>
</testsuite> <!-- com.onesource.test.TC_Login_001 -->
