<?xml version="1.0" encoding="UTF-8"?>
<!-- Generated by org.testng.reporters.JUnitReportReporter -->
<testsuite skipped="0" hostname="DESKTOP-185AM3V" name="com.onesource.test.TC_ManageBluePrint_002" tests="1" failures="0" timestamp="20 Nov 2017 13:34:44 GMT" time="43.150" errors="0">
  <testcase name="test" time="43.150" classname="com.onesource.test.TC_ManageBluePrint_002"/>
</testsuite> <!-- com.onesource.test.TC_ManageBluePrint_002 -->
