<?xml version="1.0" encoding="UTF-8"?>
<!-- Generated by org.testng.reporters.JUnitReportReporter -->
<testsuite hostname="DESKTOP-185AM3V" name="com.onesource.test.TC_Login_001" tests="1" failures="0" timestamp="21 Nov 2017 12:05:47 GMT" time="23.798" errors="0">
  <testcase name="test" time="23.798" classname="com.onesource.test.TC_Login_001"/>
</testsuite> <!-- com.onesource.test.TC_Login_001 -->
