<?xml version="1.0" encoding="UTF-8"?>
<!-- Generated by org.testng.reporters.JUnitReportReporter -->
<testsuite hostname="DESKTOP-185AM3V" name="com.onesource.test.TC_ManageBluePrint_002" tests="1" failures="0" timestamp="21 Nov 2017 12:05:47 GMT" time="34.544" errors="0">
  <testcase name="test" time="34.544" classname="com.onesource.test.TC_ManageBluePrint_002"/>
</testsuite> <!-- com.onesource.test.TC_ManageBluePrint_002 -->
